Base path: C:/Program Files/Unity_5.5.2f1/Editor/Data
Cmd: getPlatforms
Cmd: preprocess
  insize=9582 outsize=1784 ok=1
Cmd: preprocess
  insize=11374 outsize=604 ok=1
Cmd: preprocess
  insize=1461 outsize=461 ok=1
Cmd: preprocess
  insize=452 outsize=452 ok=1
Cmd: preprocess
  insize=9875 outsize=5979 ok=1
Cmd: preprocess
  insize=1683 outsize=1876 ok=1
Cmd: preprocess
  insize=1206 outsize=370 ok=1
Cmd: preprocess
  insize=11647 outsize=675 ok=1
Cmd: preprocess
  insize=1764 outsize=319 ok=1
Cmd: preprocess
  insize=9010 outsize=6596 ok=1
Cmd: preprocess
  insize=986 outsize=318 ok=1
Cmd: preprocess
  insize=1051 outsize=277 ok=1
Cmd: preprocess
  insize=2120 outsize=459 ok=1
Cmd: preprocess
  insize=1456 outsize=374 ok=1
Cmd: preprocess
  insize=4082 outsize=576 ok=1
Cmd: preprocess
  insize=9328 outsize=5536 ok=1
Cmd: preprocess
  insize=1518 outsize=1819 ok=1
Cmd: preprocess
  insize=1291 outsize=372 ok=1
Cmd: preprocess
  insize=6918 outsize=666 ok=1
Cmd: preprocess
  insize=1362 outsize=276 ok=1
Cmd: preprocess
  insize=1097 outsize=956 ok=1
Cmd: preprocess
  insize=3029 outsize=662 ok=1
Cmd: preprocess
  insize=940 outsize=263 ok=1
Cmd: preprocess
  insize=4302 outsize=2628 ok=1
Cmd: preprocess
  insize=1579 outsize=354 ok=1
Cmd: preprocess
  insize=1539 outsize=315 ok=1
Cmd: preprocess
  insize=1920 outsize=235 ok=1
Cmd: preprocess
  insize=1473 outsize=316 ok=1
Cmd: preprocess
  insize=1394 outsize=290 ok=1
Cmd: preprocess
  insize=2392 outsize=616 ok=1
Cmd: preprocess
  insize=1019 outsize=237 ok=1
Cmd: preprocess
  insize=741 outsize=287 ok=1
Cmd: preprocess
  insize=6615 outsize=842 ok=1
Cmd: preprocess
  insize=33689 outsize=238 ok=1
Cmd: preprocess
  insize=1264 outsize=228 ok=1
Cmd: preprocess
  insize=4557 outsize=440 ok=1
Cmd: preprocess
  insize=10244 outsize=5506 ok=1
Cmd: preprocess
  insize=1050 outsize=235 ok=1
Cmd: preprocess
  insize=6050 outsize=1506 ok=1
Cmd: preprocess
  insize=13909 outsize=1728 ok=1
Cmd: preprocess
  insize=1084 outsize=321 ok=1
Cmd: preprocess
  insize=6440 outsize=615 ok=1
Cmd: preprocess
  insize=9915 outsize=5979 ok=1
Cmd: preprocess
  insize=2970 outsize=642 ok=1
Cmd: preprocess
  insize=5742 outsize=3918 ok=1
Cmd: preprocess
  insize=12171 outsize=2491 ok=1
Cmd: preprocess
  insize=2812 outsize=1173 ok=1
Cmd: preprocess
  insize=14348 outsize=2055 ok=1
Cmd: preprocess
  insize=2006 outsize=399 ok=1
Cmd: preprocess
  insize=1638 outsize=638 ok=1
Cmd: preprocess
  insize=2014 outsize=263 ok=1
Cmd: preprocess
  insize=27076 outsize=3597 ok=1
Cmd: preprocess
  insize=4160 outsize=466 ok=1
Cmd: preprocess
  insize=2227 outsize=268 ok=1
Cmd: preprocess
  insize=1231 outsize=322 ok=1
Cmd: preprocess
  insize=1251 outsize=398 ok=1
Cmd: preprocess
  insize=776 outsize=234 ok=1
Cmd: preprocess
  insize=6104 outsize=733 ok=1
Cmd: preprocess
  insize=6293 outsize=619 ok=1
Cmd: preprocess
  insize=620 outsize=331 ok=1
Cmd: preprocess
  insize=7281 outsize=758 ok=1
Cmd: preprocess
  insize=1523 outsize=495 ok=1
Cmd: preprocess
  insize=33698 outsize=238 ok=1
Cmd: preprocess
  insize=5459 outsize=1736 ok=1
Cmd: preprocess
  insize=7126 outsize=219 ok=1
Cmd: preprocess
  insize=8422 outsize=4958 ok=1
Cmd: preprocess
  insize=5648 outsize=380 ok=1
Cmd: preprocess
  insize=5547 outsize=773 ok=1
Cmd: preprocess
  insize=1373 outsize=372 ok=1
Cmd: preprocess
  insize=6154 outsize=1157 ok=1
Cmd: preprocess
  insize=770 outsize=273 ok=1
Cmd: preprocess
  insize=757 outsize=283 ok=1
Cmd: preprocess
  insize=9421 outsize=7268 ok=1
Cmd: preprocess
  insize=4500 outsize=537 ok=1
Cmd: preprocess
  insize=915 outsize=262 ok=1
Cmd: preprocess
  insize=1528 outsize=259 ok=1
Cmd: preprocess
  insize=2135 outsize=937 ok=1
Cmd: preprocess
  insize=5384 outsize=644 ok=1
Cmd: preprocess
  insize=1137 outsize=461 ok=1
Cmd: preprocess
  insize=1210 outsize=354 ok=1
Cmd: preprocess
  insize=553 outsize=223 ok=1
Cmd: preprocess
  insize=767 outsize=280 ok=1
Cmd: preprocess
  insize=5652 outsize=761 ok=1
Cmd: compileSnippet
  api=4 type=0 insize=1599 outsize=594 kw= pd=UNITY_ENABLE_REFLECTION_BUFFERS UNITY_PBS_USE_BRDF1 UNITY_SPECCUBE_BOX_PROJECTION UNITY_SPECCUBE_BLENDING SHADER_API_DESKTOP UNITY_COLORSPACE_GAMMA ok=1
Cmd: compileSnippet
  api=4 type=1 insize=1599 outsize=374 kw= pd=UNITY_ENABLE_REFLECTION_BUFFERS UNITY_PBS_USE_BRDF1 UNITY_SPECCUBE_BOX_PROJECTION UNITY_SPECCUBE_BLENDING SHADER_API_DESKTOP UNITY_COLORSPACE_GAMMA ok=1
Cmd: compileSnippet
  api=4 type=0 insize=728 outsize=1662 kw=SHADOWS_DEPTH _ALPHATEST_ON pd=UNITY_ENABLE_REFLECTION_BUFFERS UNITY_PBS_USE_BRDF1 UNITY_SPECCUBE_BOX_PROJECTION UNITY_SPECCUBE_BLENDING SHADER_API_DESKTOP UNITY_COLORSPACE_GAMMA ok=1
Cmd: compileSnippet
  api=4 type=1 insize=728 outsize=406 kw=SHADOWS_DEPTH _ALPHATEST_ON pd=UNITY_ENABLE_REFLECTION_BUFFERS UNITY_PBS_USE_BRDF1 UNITY_SPECCUBE_BOX_PROJECTION UNITY_SPECCUBE_BLENDING SHADER_API_DESKTOP UNITY_COLORSPACE_GAMMA ok=1
Cmd: compileSnippet
  api=4 type=0 insize=1023 outsize=1698 kw=DIRECTIONAL _EMISSION _ALPHATEST_ON pd=UNITY_ENABLE_REFLECTION_BUFFERS UNITY_PBS_USE_BRDF1 UNITY_SPECCUBE_BOX_PROJECTION UNITY_SPECCUBE_BLENDING SHADER_API_DESKTOP UNITY_COLORSPACE_GAMMA ok=1
Cmd: compileSnippet
  api=4 type=1 insize=1023 outsize=6206 kw=DIRECTIONAL _EMISSION _ALPHATEST_ON pd=UNITY_ENABLE_REFLECTION_BUFFERS UNITY_PBS_USE_BRDF1 UNITY_SPECCUBE_BOX_PROJECTION UNITY_SPECCUBE_BLENDING SHADER_API_DESKTOP UNITY_COLORSPACE_GAMMA ok=1
Cmd: compileSnippet
  api=4 type=0 insize=949 outsize=1378 kw=DIRECTIONAL _ALPHATEST_ON pd=UNITY_ENABLE_REFLECTION_BUFFERS UNITY_PBS_USE_BRDF1 UNITY_SPECCUBE_BOX_PROJECTION UNITY_SPECCUBE_BLENDING SHADER_API_DESKTOP UNITY_COLORSPACE_GAMMA ok=1
Cmd: compileSnippet
  api=4 type=1 insize=949 outsize=2766 kw=DIRECTIONAL _ALPHATEST_ON pd=UNITY_ENABLE_REFLECTION_BUFFERS UNITY_PBS_USE_BRDF1 UNITY_SPECCUBE_BOX_PROJECTION UNITY_SPECCUBE_BLENDING SHADER_API_DESKTOP UNITY_COLORSPACE_GAMMA ok=1
Cmd: compileSnippet
  api=4 type=0 insize=728 outsize=1542 kw=SHADOWS_DEPTH _METALLICGLOSSMAP pd=UNITY_ENABLE_REFLECTION_BUFFERS UNITY_PBS_USE_BRDF1 UNITY_SPECCUBE_BOX_PROJECTION UNITY_SPECCUBE_BLENDING SHADER_API_DESKTOP UNITY_COLORSPACE_GAMMA ok=1
Cmd: compileSnippet
  api=4 type=1 insize=728 outsize=182 kw=SHADOWS_DEPTH _METALLICGLOSSMAP pd=UNITY_ENABLE_REFLECTION_BUFFERS UNITY_PBS_USE_BRDF1 UNITY_SPECCUBE_BOX_PROJECTION UNITY_SPECCUBE_BLENDING SHADER_API_DESKTOP UNITY_COLORSPACE_GAMMA ok=1
Cmd: compileSnippet
  api=4 type=0 insize=1023 outsize=2054 kw=DIRECTIONAL _NORMALMAP _METALLICGLOSSMAP pd=UNITY_ENABLE_REFLECTION_BUFFERS UNITY_PBS_USE_BRDF1 UNITY_SPECCUBE_BOX_PROJECTION UNITY_SPECCUBE_BLENDING SHADER_API_DESKTOP UNITY_COLORSPACE_GAMMA ok=1
Cmd: compileSnippet
  api=4 type=1 insize=1023 outsize=6474 kw=DIRECTIONAL _NORMALMAP _METALLICGLOSSMAP pd=UNITY_ENABLE_REFLECTION_BUFFERS UNITY_PBS_USE_BRDF1 UNITY_SPECCUBE_BOX_PROJECTION UNITY_SPECCUBE_BLENDING SHADER_API_DESKTOP UNITY_COLORSPACE_GAMMA ok=1
Cmd: compileSnippet
  api=4 type=0 insize=949 outsize=1758 kw=DIRECTIONAL _NORMALMAP _METALLICGLOSSMAP pd=UNITY_ENABLE_REFLECTION_BUFFERS UNITY_PBS_USE_BRDF1 UNITY_SPECCUBE_BOX_PROJECTION UNITY_SPECCUBE_BLENDING SHADER_API_DESKTOP UNITY_COLORSPACE_GAMMA ok=1
Cmd: compileSnippet
  api=4 type=1 insize=949 outsize=3106 kw=DIRECTIONAL _NORMALMAP _METALLICGLOSSMAP pd=UNITY_ENABLE_REFLECTION_BUFFERS UNITY_PBS_USE_BRDF1 UNITY_SPECCUBE_BOX_PROJECTION UNITY_SPECCUBE_BLENDING SHADER_API_DESKTOP UNITY_COLORSPACE_GAMMA ok=1
Cmd: compileSnippet
  api=4 type=0 insize=728 outsize=1662 kw=SHADOWS_DEPTH _ALPHABLEND_ON pd=UNITY_ENABLE_REFLECTION_BUFFERS UNITY_PBS_USE_BRDF1 UNITY_SPECCUBE_BOX_PROJECTION UNITY_SPECCUBE_BLENDING SHADER_API_DESKTOP UNITY_COLORSPACE_GAMMA ok=1
Cmd: compileSnippet
  api=4 type=1 insize=728 outsize=602 kw=SHADOWS_DEPTH _ALPHABLEND_ON pd=UNITY_ENABLE_REFLECTION_BUFFERS UNITY_PBS_USE_BRDF1 UNITY_SPECCUBE_BOX_PROJECTION UNITY_SPECCUBE_BLENDING SHADER_API_DESKTOP UNITY_COLORSPACE_GAMMA ok=1
Cmd: compileSnippet
  api=4 type=0 insize=1023 outsize=1698 kw=DIRECTIONAL _EMISSION _ALPHABLEND_ON pd=UNITY_ENABLE_REFLECTION_BUFFERS UNITY_PBS_USE_BRDF1 UNITY_SPECCUBE_BOX_PROJECTION UNITY_SPECCUBE_BLENDING SHADER_API_DESKTOP UNITY_COLORSPACE_GAMMA ok=1
Cmd: compileSnippet
  api=4 type=1 insize=1023 outsize=6130 kw=DIRECTIONAL _EMISSION _ALPHABLEND_ON pd=UNITY_ENABLE_REFLECTION_BUFFERS UNITY_PBS_USE_BRDF1 UNITY_SPECCUBE_BOX_PROJECTION UNITY_SPECCUBE_BLENDING SHADER_API_DESKTOP UNITY_COLORSPACE_GAMMA ok=1
Cmd: compileSnippet
  api=4 type=0 insize=949 outsize=1378 kw=DIRECTIONAL _ALPHABLEND_ON pd=UNITY_ENABLE_REFLECTION_BUFFERS UNITY_PBS_USE_BRDF1 UNITY_SPECCUBE_BOX_PROJECTION UNITY_SPECCUBE_BLENDING SHADER_API_DESKTOP UNITY_COLORSPACE_GAMMA ok=1
Cmd: compileSnippet
  api=4 type=1 insize=949 outsize=2690 kw=DIRECTIONAL _ALPHABLEND_ON pd=UNITY_ENABLE_REFLECTION_BUFFERS UNITY_PBS_USE_BRDF1 UNITY_SPECCUBE_BOX_PROJECTION UNITY_SPECCUBE_BLENDING SHADER_API_DESKTOP UNITY_COLORSPACE_GAMMA ok=1
